<?xml version="1.0" encoding="UTF-8"?>
<!-- Generated by org.testng.reporters.JUnitXMLReporter -->
<testsuite ignored="5" hostname="DESKTOP-49249FS" failures="0" tests="1" name="Default test" time="26.471" errors="0" timestamp="2021-06-22T11:52:19 UYT">
  <testcase classname="orgSalesforce.salesforceEjercicio.ServicePFTest" name="creoDosCuentas" time="19.7"/>
  <testcase classname="orgSalesforce.salesforceEjercicio.ServicePFTest" name="crearContacto" time="0.0">
    <ignored/>
  </testcase> <!-- crearContacto -->
  <testcase classname="orgSalesforce.salesforceEjercicio.ServicePFTest" name="errorCrearCuenta" time="0.0">
    <ignored/>
  </testcase> <!-- errorCrearCuenta -->
  <testcase classname="orgSalesforce.salesforceEjercicio.ServicePFTest" name="modificarEmpleadoDeCuenta" time="0.0">
    <ignored/>
  </testcase> <!-- modificarEmpleadoDeCuenta -->
  <testcase classname="orgSalesforce.salesforceEjercicio.ServicePFTest" name="modificarCamposCuenta" time="0.0">
    <ignored/>
  </testcase> <!-- modificarCamposCuenta -->
  <testcase classname="orgSalesforce.salesforceEjercicio.ServicePFTest" name="navegarPorServicios" time="0.0">
    <ignored/>
  </testcase> <!-- navegarPorServicios -->
</testsuite> <!-- Default test -->
