<?xml version="1.0" encoding="UTF-8"?>
<!-- Generated by org.testng.reporters.JUnitXMLReporter -->
<testsuite ignored="0" hostname="DESKTOP-49249FS" failures="0" tests="6" name="Default test" time="146.363" errors="0" timestamp="2021-06-16T16:44:25 UYT">
  <testcase classname="orgSalesforce.salesforceEjercicio.ServicePFTest" name="crearContacto" time="25.541"/>
  <testcase classname="orgSalesforce.salesforceEjercicio.ServicePFTest" name="creoDosCuentas" time="16.29"/>
  <testcase classname="orgSalesforce.salesforceEjercicio.ServicePFTest" name="errorCrearCuenta" time="15.012"/>
  <testcase classname="orgSalesforce.salesforceEjercicio.ServicePFTest" name="modificarCamposCuenta" time="13.902"/>
  <testcase classname="orgSalesforce.salesforceEjercicio.ServicePFTest" name="modificarEmpleadoDeCuenta" time="13.863"/>
  <testcase classname="orgSalesforce.salesforceEjercicio.ServicePFTest" name="navegarPorServicios" time="34.138"/>
</testsuite> <!-- Default test -->
