<?xml version="1.0" encoding="UTF-8"?>
<!-- Generated by org.testng.reporters.JUnitXMLReporter -->
<testsuite ignored="0" hostname="DESKTOP-49249FS" failures="0" tests="6" name="Test" time="130.822" errors="0" timestamp="2021-06-16T16:46:50 UYT">
  <testcase classname="orgSalesforce.salesforceEjercicio.ServicePFTest" name="crearContacto" time="17.022"/>
  <testcase classname="orgSalesforce.salesforceEjercicio.ServicePFTest" name="creoDosCuentas" time="16.293"/>
  <testcase classname="orgSalesforce.salesforceEjercicio.ServicePFTest" name="errorCrearCuenta" time="15.91"/>
  <testcase classname="orgSalesforce.salesforceEjercicio.ServicePFTest" name="modificarCamposCuenta" time="12.921"/>
  <testcase classname="orgSalesforce.salesforceEjercicio.ServicePFTest" name="modificarEmpleadoDeCuenta" time="15.994"/>
  <testcase classname="orgSalesforce.salesforceEjercicio.ServicePFTest" name="navegarPorServicios" time="26.347"/>
</testsuite> <!-- Test -->
