<?xml version="1.0" encoding="UTF-8"?>
<!-- Generated by org.testng.reporters.JUnitXMLReporter -->
<testsuite ignored="0" hostname="DESKTOP-49249FS" failures="0" tests="6" name="Test" time="180.373" errors="0" timestamp="2021-06-01T17:28:29 UYT">
  <testcase classname="orgSalesforce.salesforceEjercicio.ServiceTest" name="crearContacto" time="19.381"/>
  <testcase classname="orgSalesforce.salesforceEjercicio.ServiceTest" name="creoDosCuentas" time="44.396"/>
  <testcase classname="orgSalesforce.salesforceEjercicio.ServiceTest" name="errorCrearCuenta" time="17.253"/>
  <testcase classname="orgSalesforce.salesforceEjercicio.ServiceTest" name="modificarCamposCuenta" time="20.883"/>
  <testcase classname="orgSalesforce.salesforceEjercicio.ServiceTest" name="modificarEmpleadoDeCuenta" time="15.463"/>
  <testcase classname="orgSalesforce.salesforceEjercicio.ServiceTest" name="navegarPorServicios" time="36.362"/>
</testsuite> <!-- Test -->
