<?xml version="1.0" encoding="UTF-8"?>
<testng-results ignored="0" total="6" passed="6" failed="0" skipped="0">
  <reporter-output>
  </reporter-output>
  <suite started-at="2021-06-22T12:28:37 UYT" name="Suite" finished-at="2021-06-22T12:30:57 UYT" duration-ms="140306">
    <groups>
      <group name="cucumber">
        <method signature="AbstractTestNGCucumberTests.runScenario(io.cucumber.testng.PickleWrapper,io.cucumber.testng.FeatureWrapper)[pri:0, instance:cucumberOptions.TestRunner@59fd97a8]" name="runScenario" class="io.cucumber.testng.AbstractTestNGCucumberTests"/>
      </group> <!-- cucumber -->
    </groups>
    <test started-at="2021-06-22T12:28:37 UYT" name="Test" finished-at="2021-06-22T12:30:57 UYT" duration-ms="140306">
      <class name="cucumberOptions.TestRunner">
        <test-method is-config="true" signature="setUpClass()[pri:0, instance:cucumberOptions.TestRunner@59fd97a8]" started-at="2021-06-22T12:28:37 UYT" name="setUpClass" finished-at="2021-06-22T12:28:37 UYT" duration-ms="213" status="PASS">
          <reporter-output>
          </reporter-output>
        </test-method> <!-- setUpClass -->
        <test-method signature="runScenario(io.cucumber.testng.PickleWrapper,io.cucumber.testng.FeatureWrapper)[pri:0, instance:cucumberOptions.TestRunner@59fd97a8]" started-at="2021-06-22T12:28:37 UYT" name="runScenario" description="Runs Cucumber Scenarios" data-provider="scenarios" finished-at="2021-06-22T12:29:02 UYT" duration-ms="25379" status="PASS">
          <params>
            <param index="0">
              <value>
                <![CDATA["Create two accounts"]]>
              </value>
            </param>
            <param index="1">
              <value>
                <![CDATA["Optional[Create Accounts]"]]>
              </value>
            </param>
          </params>
          <reporter-output>
          </reporter-output>
        </test-method> <!-- runScenario -->
        <test-method signature="runScenario(io.cucumber.testng.PickleWrapper,io.cucumber.testng.FeatureWrapper)[pri:0, instance:cucumberOptions.TestRunner@59fd97a8]" started-at="2021-06-22T12:29:02 UYT" name="runScenario" description="Runs Cucumber Scenarios" data-provider="scenarios" finished-at="2021-06-22T12:29:19 UYT" duration-ms="17198" status="PASS">
          <params>
            <param index="0">
              <value>
                <![CDATA["Error creating account empty"]]>
              </value>
            </param>
            <param index="1">
              <value>
                <![CDATA["Optional[Create Accounts]"]]>
              </value>
            </param>
          </params>
          <reporter-output>
          </reporter-output>
        </test-method> <!-- runScenario -->
        <test-method signature="runScenario(io.cucumber.testng.PickleWrapper,io.cucumber.testng.FeatureWrapper)[pri:0, instance:cucumberOptions.TestRunner@59fd97a8]" started-at="2021-06-22T12:29:19 UYT" name="runScenario" description="Runs Cucumber Scenarios" data-provider="scenarios" finished-at="2021-06-22T12:29:45 UYT" duration-ms="25508" status="PASS">
          <params>
            <param index="0">
              <value>
                <![CDATA["Modificar campos de la ultima cuenta"]]>
              </value>
            </param>
            <param index="1">
              <value>
                <![CDATA["Optional[Create Accounts]"]]>
              </value>
            </param>
          </params>
          <reporter-output>
          </reporter-output>
        </test-method> <!-- runScenario -->
        <test-method signature="runScenario(io.cucumber.testng.PickleWrapper,io.cucumber.testng.FeatureWrapper)[pri:0, instance:cucumberOptions.TestRunner@59fd97a8]" started-at="2021-06-22T12:29:45 UYT" name="runScenario" description="Runs Cucumber Scenarios" data-provider="scenarios" finished-at="2021-06-22T12:30:04 UYT" duration-ms="18956" status="PASS">
          <params>
            <param index="0">
              <value>
                <![CDATA["Modificar campo empleados de la ultima cuenta"]]>
              </value>
            </param>
            <param index="1">
              <value>
                <![CDATA["Optional[Create Accounts]"]]>
              </value>
            </param>
          </params>
          <reporter-output>
          </reporter-output>
        </test-method> <!-- runScenario -->
        <test-method signature="runScenario(io.cucumber.testng.PickleWrapper,io.cucumber.testng.FeatureWrapper)[pri:0, instance:cucumberOptions.TestRunner@59fd97a8]" started-at="2021-06-22T12:30:04 UYT" name="runScenario" description="Runs Cucumber Scenarios" data-provider="scenarios" finished-at="2021-06-22T12:30:24 UYT" duration-ms="20179" status="PASS">
          <params>
            <param index="0">
              <value>
                <![CDATA["Create a contact"]]>
              </value>
            </param>
            <param index="1">
              <value>
                <![CDATA["Optional[Create Contact]"]]>
              </value>
            </param>
          </params>
          <reporter-output>
          </reporter-output>
        </test-method> <!-- runScenario -->
        <test-method signature="runScenario(io.cucumber.testng.PickleWrapper,io.cucumber.testng.FeatureWrapper)[pri:0, instance:cucumberOptions.TestRunner@59fd97a8]" started-at="2021-06-22T12:30:24 UYT" name="runScenario" description="Runs Cucumber Scenarios" data-provider="scenarios" finished-at="2021-06-22T12:30:57 UYT" duration-ms="32834" status="PASS">
          <params>
            <param index="0">
              <value>
                <![CDATA["Navigate services tabs"]]>
              </value>
            </param>
            <param index="1">
              <value>
                <![CDATA["Optional[Navigate Service]"]]>
              </value>
            </param>
          </params>
          <reporter-output>
          </reporter-output>
        </test-method> <!-- runScenario -->
        <test-method is-config="true" signature="tearDownClass()[pri:0, instance:cucumberOptions.TestRunner@59fd97a8]" started-at="2021-06-22T12:30:57 UYT" name="tearDownClass" finished-at="2021-06-22T12:30:57 UYT" duration-ms="6" status="PASS">
          <reporter-output>
          </reporter-output>
        </test-method> <!-- tearDownClass -->
      </class> <!-- cucumberOptions.TestRunner -->
    </test> <!-- Test -->
  </suite> <!-- Suite -->
</testng-results>
