<?xml version="1.0" encoding="UTF-8"?>
<testng-results ignored="0" total="1" passed="1" failed="0" skipped="0">
  <reporter-output>
  </reporter-output>
  <suite started-at="2021-06-28T12:43:20 UYT" name="Suite" finished-at="2021-06-28T12:43:41 UYT" duration-ms="21236">
    <groups>
      <group name="cucumber">
        <method signature="AbstractTestNGCucumberTests.runScenario(io.cucumber.testng.PickleWrapper,io.cucumber.testng.FeatureWrapper)[pri:0, instance:cucumberOptions.TestRunner@59fd97a8]" name="runScenario" class="io.cucumber.testng.AbstractTestNGCucumberTests"/>
      </group> <!-- cucumber -->
    </groups>
    <test started-at="2021-06-28T12:43:20 UYT" name="Test" finished-at="2021-06-28T12:43:41 UYT" duration-ms="21236">
      <class name="cucumberOptions.TestRunner">
        <test-method is-config="true" signature="setUpClass()[pri:0, instance:cucumberOptions.TestRunner@59fd97a8]" started-at="2021-06-28T12:43:20 UYT" name="setUpClass" finished-at="2021-06-28T12:43:20 UYT" duration-ms="189" status="PASS">
          <reporter-output>
          </reporter-output>
        </test-method> <!-- setUpClass -->
        <test-method signature="runScenario(io.cucumber.testng.PickleWrapper,io.cucumber.testng.FeatureWrapper)[pri:0, instance:cucumberOptions.TestRunner@59fd97a8]" started-at="2021-06-28T12:43:20 UYT" name="runScenario" description="Runs Cucumber Scenarios" data-provider="scenarios" finished-at="2021-06-28T12:43:41 UYT" duration-ms="21010" status="PASS">
          <params>
            <param index="0">
              <value>
                <![CDATA["Modificar campo empleados de la ultima cuenta"]]>
              </value>
            </param>
            <param index="1">
              <value>
                <![CDATA["Optional[Create Accounts]"]]>
              </value>
            </param>
          </params>
          <reporter-output>
          </reporter-output>
        </test-method> <!-- runScenario -->
        <test-method is-config="true" signature="tearDownClass()[pri:0, instance:cucumberOptions.TestRunner@59fd97a8]" started-at="2021-06-28T12:43:41 UYT" name="tearDownClass" finished-at="2021-06-28T12:43:41 UYT" duration-ms="9" status="PASS">
          <reporter-output>
          </reporter-output>
        </test-method> <!-- tearDownClass -->
      </class> <!-- cucumberOptions.TestRunner -->
    </test> <!-- Test -->
  </suite> <!-- Suite -->
</testng-results>
